# JRE version: OpenJDK Runtime Environment (11.0.15) (build 11.0.15+0-b2043.56-9505619)
# Java VM: OpenJDK 64-Bit Server VM (11.0.15+0-b2043.56-9505619, mixed mode, tiered, compressed oops, g1 gc, windows-amd64)
Heap:
 garbage-first heap   total 491520K, used 203776K [0x0000000080000000, 0x0000000100000000)
  region size 1024K, 101 young (103424K), 14 survivors (14336K)
 Metaspace       used 67404K, capacity 69489K, committed 69756K, reserved 1110016K
  class space    used 8559K, capacity 9337K, committed 9420K, reserved 1048576K
GC Heap History (20 events):
Event: 34.672 GC heap before
{Heap before GC invocations=35 (full 0):
 garbage-first heap   total 491520K, used 403708K [0x0000000080000000, 0x0000000100000000)
  region size 1024K, 288 young (294912K), 21 survivors (21504K)
 Metaspace       used 50842K, capacity 52233K, committed 52476K, reserved 1095680K
  class space    used 6487K, capacity 6987K, committed 6988K, reserved 1048576K
}
Event: 34.690 GC heap after
{Heap after GC invocations=36 (full 0):
 garbage-first heap   total 491520K, used 118526K [0x0000000080000000, 0x0000000100000000)
  region size 1024K, 21 young (21504K), 21 survivors (21504K)
 Metaspace       used 50842K, capacity 52233K, committed 52476K, reserved 1095680K
  class space    used 6487K, capacity 6987K, committed 6988K, reserved 1048576K
}
Event: 37.521 GC heap before
{Heap before GC invocations=36 (full 0):
 garbage-first heap   total 491520K, used 399102K [0x0000000080000000, 0x0000000100000000)
  region size 1024K, 288 young (294912K), 21 survivors (21504K)
 Metaspace       used 50855K, capacity 52298K, committed 52476K, reserved 1095680K
  class space    used 6488K, capacity 6987K, committed 6988K, reserved 1048576K
}
Event: 37.525 GC heap after
{Heap after GC invocations=37 (full 0):
 garbage-first heap   total 491520K, used 92161K [0x0000000080000000, 0x0000000100000000)
  region size 1024K, 6 young (6144K), 6 survivors (6144K)
 Metaspace       used 50855K, capacity 52298K, committed 52476K, reserved 1095680K
  class space    used 6488K, capacity 6987K, committed 6988K, reserved 1048576K
}
Event: 38.661 GC heap before
{Heap before GC invocations=37 (full 0):
 garbage-first heap   total 491520K, used 393217K [0x0000000080000000, 0x0000000100000000)
  region size 1024K, 288 young (294912K), 6 survivors (6144K)
 Metaspace       used 50859K, capacity 52298K, committed 52476K, reserved 1095680K
  class space    used 6488K, capacity 6987K, committed 6988K, reserved 1048576K
}
Event: 38.665 GC heap after
{Heap after GC invocations=38 (full 0):
 garbage-first heap   total 491520K, used 106333K [0x0000000080000000, 0x0000000100000000)
  region size 1024K, 8 young (8192K), 8 survivors (8192K)
 Metaspace       used 50859K, capacity 52298K, committed 52476K, reserved 1095680K
  class space    used 6488K, capacity 6987K, committed 6988K, reserved 1048576K
}
Event: 39.786 GC heap before
{Heap before GC invocations=38 (full 0):
 garbage-first heap   total 491520K, used 393053K [0x0000000080000000, 0x0000000100000000)
  region size 1024K, 288 young (294912K), 8 survivors (8192K)
 Metaspace       used 50859K, capacity 52298K, committed 52476K, reserved 1095680K
  class space    used 6488K, capacity 6987K, committed 6988K, reserved 1048576K
}
Event: 39.792 GC heap after
{Heap after GC invocations=39 (full 0):
 garbage-first heap   total 491520K, used 109637K [0x0000000080000000, 0x0000000100000000)
  region size 1024K, 11 young (11264K), 11 survivors (11264K)
 Metaspace       used 50859K, capacity 52298K, committed 52476K, reserved 1095680K
  class space    used 6488K, capacity 6987K, committed 6988K, reserved 1048576K
}
Event: 40.883 GC heap before
{Heap before GC invocations=39 (full 0):
 garbage-first heap   total 491520K, used 393285K [0x0000000080000000, 0x0000000100000000)
  region size 1024K, 288 young (294912K), 11 survivors (11264K)
 Metaspace       used 50859K, capacity 52298K, committed 52476K, reserved 1095680K
  class space    used 6488K, capacity 6987K, committed 6988K, reserved 1048576K
}
Event: 40.889 GC heap after
{Heap after GC invocations=40 (full 0):
 garbage-first heap   total 491520K, used 113177K [0x0000000080000000, 0x0000000100000000)
  region size 1024K, 15 young (15360K), 15 survivors (15360K)
 Metaspace       used 50859K, capacity 52298K, committed 52476K, reserved 1095680K
  class space    used 6488K, capacity 6987K, committed 6988K, reserved 1048576K
}
Event: 41.969 GC heap before
{Heap before GC invocations=40 (full 0):
 garbage-first heap   total 491520K, used 392729K [0x0000000080000000, 0x0000000100000000)
  region size 1024K, 288 young (294912K), 15 survivors (15360K)
 Metaspace       used 50859K, capacity 52298K, committed 52476K, reserved 1095680K
  class space    used 6488K, capacity 6987K, committed 6988K, reserved 1048576K
}
Event: 41.976 GC heap after
{Heap after GC invocations=41 (full 0):
 garbage-first heap   total 491520K, used 117116K [0x0000000080000000, 0x0000000100000000)
  region size 1024K, 19 young (19456K), 19 survivors (19456K)
 Metaspace       used 50859K, capacity 52298K, committed 52476K, reserved 1095680K
  class space    used 6488K, capacity 6987K, committed 6988K, reserved 1048576K
}
Event: 43.061 GC heap before
{Heap before GC invocations=41 (full 0):
 garbage-first heap   total 491520K, used 395644K [0x0000000080000000, 0x0000000100000000)
  region size 1024K, 288 young (294912K), 19 survivors (19456K)
 Metaspace       used 50861K, capacity 52298K, committed 52476K, reserved 1095680K
  class space    used 6488K, capacity 6987K, committed 6988K, reserved 1048576K
}
Event: 43.065 GC heap after
{Heap after GC invocations=42 (full 0):
 garbage-first heap   total 491520K, used 97349K [0x0000000080000000, 0x0000000100000000)
  region size 1024K, 8 young (8192K), 8 survivors (8192K)
 Metaspace       used 50861K, capacity 52298K, committed 52476K, reserved 1095680K
  class space    used 6488K, capacity 6987K, committed 6988K, reserved 1048576K
}
Event: 44.141 GC heap before
{Heap before GC invocations=42 (full 0):
 garbage-first heap   total 491520K, used 387141K [0x0000000080000000, 0x0000000100000000)
  region size 1024K, 288 young (294912K), 8 survivors (8192K)
 Metaspace       used 50861K, capacity 52298K, committed 52476K, reserved 1095680K
  class space    used 6488K, capacity 6987K, committed 6988K, reserved 1048576K
}
Event: 44.145 GC heap after
{Heap after GC invocations=43 (full 0):
 garbage-first heap   total 491520K, used 95915K [0x0000000080000000, 0x0000000100000000)
  region size 1024K, 7 young (7168K), 7 survivors (7168K)
 Metaspace       used 50861K, capacity 52298K, committed 52476K, reserved 1095680K
  class space    used 6488K, capacity 6987K, committed 6988K, reserved 1048576K
}
Event: 46.870 GC heap before
{Heap before GC invocations=43 (full 0):
 garbage-first heap   total 491520K, used 402091K [0x0000000080000000, 0x0000000100000000)
  region size 1024K, 288 young (294912K), 7 survivors (7168K)
 Metaspace       used 56768K, capacity 58555K, committed 58876K, reserved 1099776K
  class space    used 7258K, capacity 7915K, committed 8012K, reserved 1048576K
}
Event: 46.881 GC heap after
{Heap after GC invocations=44 (full 0):
 garbage-first heap   total 491520K, used 117987K [0x0000000080000000, 0x0000000100000000)
  region size 1024K, 14 young (14336K), 14 survivors (14336K)
 Metaspace       used 56768K, capacity 58555K, committed 58876K, reserved 1099776K
  class space    used 7258K, capacity 7915K, committed 8012K, reserved 1048576K
}
Event: 47.155 GC heap before
{Heap before GC invocations=44 (full 0):
 garbage-first heap   total 491520K, used 139491K [0x0000000080000000, 0x0000000100000000)
  region size 1024K, 36 young (36864K), 14 survivors (14336K)
 Metaspace       used 57969K, capacity 59859K, committed 59940K, reserved 1101824K
  class space    used 7445K, capacity 8128K, committed 8140K, reserved 1048576K
}
Event: 47.167 GC heap after
{Heap after GC invocations=45 (full 0):
 garbage-first heap   total 491520K, used 118784K [0x0000000080000000, 0x0000000100000000)
  region size 1024K, 14 young (14336K), 14 survivors (14336K)
 Metaspace       used 57969K, capacity 59859K, committed 59940K, reserved 1101824K
  class space    used 7445K, capacity 8128K, committed 8140K, reserved 1048576K
}

